<?xml version="1.0" encoding="utf-8"?>
<coverage line-rate="0.1263" branch-rate="0.20679999999999998" version="1.9" timestamp="1731070871" lines-covered="12" lines-valid="95" branches-covered="12" branches-valid="58">
  <sources>
    <source>/home/nmckeown/tud_devops_msc/Semester_2/CSD/CA1/code/blood-pressure-calc-app/BPCalculator/</source>
  </sources>
  <packages>
    <package name="BPCalculator" line-rate="0.1263" branch-rate="0.20679999999999998" complexity="75">
      <classes>
        <class name="BPCalculator.BloodPressure" filename="BloodPressure.cs" line-rate="1" branch-rate="1" complexity="14">
          <methods>
            <method name="get_Systolic" signature="()" line-rate="1" branch-rate="1" complexity="1">
              <lines>
                <line number="25" hits="33" branch="False" />
              </lines>
            </method>
            <method name="get_Diastolic" signature="()" line-rate="1" branch-rate="1" complexity="1">
              <lines>
                <line number="29" hits="25" branch="False" />
              </lines>
            </method>
            <method name="get_Category" signature="()" line-rate="1" branch-rate="1" complexity="12">
              <lines>
                <line number="35" hits="10" branch="False" />
                <line number="36" hits="12" branch="True" condition-coverage="100% (4/4)">
                  <conditions>
                    <condition number="12" type="jump" coverage="100%" />
                    <condition number="32" type="jump" coverage="100%" />
                  </conditions>
                </line>
                <line number="37" hits="2" branch="False" />
                <line number="39" hits="11" branch="True" condition-coverage="100% (4/4)">
                  <conditions>
                    <condition number="47" type="jump" coverage="100%" />
                    <condition number="67" type="jump" coverage="100%" />
                  </conditions>
                </line>
                <line number="40" hits="3" branch="False" />
                <line number="42" hits="8" branch="True" condition-coverage="100% (4/4)">
                  <conditions>
                    <condition number="82" type="jump" coverage="100%" />
                    <condition number="102" type="jump" coverage="100%" />
                  </conditions>
                </line>
                <line number="43" hits="3" branch="False" />
                <line number="44" hits="2" branch="False" />
                <line number="45" hits="2" branch="False" />
                <line number="47" hits="10" branch="False" />
              </lines>
            </method>
          </methods>
          <lines>
            <line number="25" hits="33" branch="False" />
            <line number="29" hits="25" branch="False" />
            <line number="35" hits="10" branch="False" />
            <line number="36" hits="12" branch="True" condition-coverage="100% (4/4)">
              <conditions>
                <condition number="12" type="jump" coverage="100%" />
                <condition number="32" type="jump" coverage="100%" />
              </conditions>
            </line>
            <line number="37" hits="2" branch="False" />
            <line number="39" hits="11" branch="True" condition-coverage="100% (4/4)">
              <conditions>
                <condition number="47" type="jump" coverage="100%" />
                <condition number="67" type="jump" coverage="100%" />
              </conditions>
            </line>
            <line number="40" hits="3" branch="False" />
            <line number="42" hits="8" branch="True" condition-coverage="100% (4/4)">
              <conditions>
                <condition number="82" type="jump" coverage="100%" />
                <condition number="102" type="jump" coverage="100%" />
              </conditions>
            </line>
            <line number="43" hits="3" branch="False" />
            <line number="44" hits="2" branch="False" />
            <line number="45" hits="2" branch="False" />
            <line number="47" hits="10" branch="False" />
          </lines>
        </class>
        <class name="BPCalculator.Program" filename="Program.cs" line-rate="0" branch-rate="1" complexity="2">
          <methods>
            <method name="Main" signature="(System.String[])" line-rate="0" branch-rate="1" complexity="1">
              <lines>
                <line number="15" hits="0" branch="False" />
                <line number="16" hits="0" branch="False" />
                <line number="17" hits="0" branch="False" />
              </lines>
            </method>
            <method name="CreateHostBuilder" signature="(System.String[])" line-rate="0" branch-rate="1" complexity="1">
              <lines>
                <line number="20" hits="0" branch="False" />
                <line number="21" hits="0" branch="False" />
                <line number="22" hits="0" branch="False" />
                <line number="23" hits="0" branch="False" />
                <line number="24" hits="0" branch="False" />
              </lines>
            </method>
          </methods>
          <lines>
            <line number="15" hits="0" branch="False" />
            <line number="16" hits="0" branch="False" />
            <line number="17" hits="0" branch="False" />
            <line number="20" hits="0" branch="False" />
            <line number="21" hits="0" branch="False" />
            <line number="22" hits="0" branch="False" />
            <line number="23" hits="0" branch="False" />
            <line number="24" hits="0" branch="False" />
          </lines>
        </class>
        <class name="BPCalculator.Startup" filename="Startup.cs" line-rate="0" branch-rate="0" complexity="5">
          <methods>
            <method name="get_Configuration" signature="()" line-rate="0" branch-rate="1" complexity="1">
              <lines>
                <line number="20" hits="0" branch="False" />
              </lines>
            </method>
            <method name="ConfigureServices" signature="(Microsoft.Extensions.DependencyInjection.IServiceCollection)" line-rate="0" branch-rate="1" complexity="1">
              <lines>
                <line number="24" hits="0" branch="False" />
                <line number="25" hits="0" branch="False" />
                <line number="26" hits="0" branch="False" />
              </lines>
            </method>
            <method name="Configure" signature="(Microsoft.AspNetCore.Builder.IApplicationBuilder,Microsoft.AspNetCore.Hosting.IWebHostEnvironment)" line-rate="0" branch-rate="0" complexity="2">
              <lines>
                <line number="30" hits="0" branch="False" />
                <line number="31" hits="0" branch="True" condition-coverage="0% (0/2)">
                  <conditions>
                    <condition number="9" type="jump" coverage="0%" />
                  </conditions>
                </line>
                <line number="32" hits="0" branch="False" />
                <line number="33" hits="0" branch="False" />
                <line number="34" hits="0" branch="False" />
                <line number="36" hits="0" branch="False" />
                <line number="37" hits="0" branch="False" />
                <line number="38" hits="0" branch="False" />
                <line number="40" hits="0" branch="False" />
                <line number="42" hits="0" branch="False" />
                <line number="44" hits="0" branch="False" />
                <line number="46" hits="0" branch="False" />
                <line number="47" hits="0" branch="False" />
                <line number="48" hits="0" branch="False" />
                <line number="49" hits="0" branch="False" />
                <line number="50" hits="0" branch="False" />
              </lines>
            </method>
            <method name=".ctor" signature="(Microsoft.Extensions.Configuration.IConfiguration)" line-rate="0" branch-rate="1" complexity="1">
              <lines>
                <line number="15" hits="0" branch="False" />
                <line number="16" hits="0" branch="False" />
                <line number="17" hits="0" branch="False" />
                <line number="18" hits="0" branch="False" />
              </lines>
            </method>
          </methods>
          <lines>
            <line number="20" hits="0" branch="False" />
            <line number="24" hits="0" branch="False" />
            <line number="25" hits="0" branch="False" />
            <line number="26" hits="0" branch="False" />
            <line number="30" hits="0" branch="False" />
            <line number="31" hits="0" branch="True" condition-coverage="0% (0/2)">
              <conditions>
                <condition number="9" type="jump" coverage="0%" />
              </conditions>
            </line>
            <line number="32" hits="0" branch="False" />
            <line number="33" hits="0" branch="False" />
            <line number="34" hits="0" branch="False" />
            <line number="36" hits="0" branch="False" />
            <line number="37" hits="0" branch="False" />
            <line number="38" hits="0" branch="False" />
            <line number="40" hits="0" branch="False" />
            <line number="42" hits="0" branch="False" />
            <line number="44" hits="0" branch="False" />
            <line number="46" hits="0" branch="False" />
            <line number="47" hits="0" branch="False" />
            <line number="48" hits="0" branch="False" />
            <line number="49" hits="0" branch="False" />
            <line number="50" hits="0" branch="False" />
            <line number="15" hits="0" branch="False" />
            <line number="16" hits="0" branch="False" />
            <line number="17" hits="0" branch="False" />
            <line number="18" hits="0" branch="False" />
          </lines>
        </class>
        <class name="BPCalculator.Pages.ErrorModel" filename="Pages/Error.cshtml.cs" line-rate="0" branch-rate="0" complexity="7">
          <methods>
            <method name="get_RequestId" signature="()" line-rate="0" branch-rate="1" complexity="1">
              <lines>
                <line number="15" hits="0" branch="False" />
              </lines>
            </method>
            <method name="get_ShowRequestId" signature="()" line-rate="0" branch-rate="1" complexity="1">
              <lines>
                <line number="17" hits="0" branch="False" />
              </lines>
            </method>
            <method name="OnGet" signature="()" line-rate="0" branch-rate="0" complexity="4">
              <lines>
                <line number="27" hits="0" branch="False" />
                <line number="28" hits="0" branch="True" condition-coverage="0% (0/4)">
                  <conditions>
                    <condition number="8" type="jump" coverage="0%" />
                    <condition number="20" type="jump" coverage="0%" />
                  </conditions>
                </line>
                <line number="29" hits="0" branch="False" />
              </lines>
            </method>
            <method name=".ctor" signature="(Microsoft.Extensions.Logging.ILogger`1&lt;BPCalculator.Pages.ErrorModel&gt;)" line-rate="0" branch-rate="1" complexity="1">
              <lines>
                <line number="21" hits="0" branch="False" />
                <line number="22" hits="0" branch="False" />
                <line number="23" hits="0" branch="False" />
                <line number="24" hits="0" branch="False" />
              </lines>
            </method>
          </methods>
          <lines>
            <line number="15" hits="0" branch="False" />
            <line number="17" hits="0" branch="False" />
            <line number="27" hits="0" branch="False" />
            <line number="28" hits="0" branch="True" condition-coverage="0% (0/4)">
              <conditions>
                <condition number="8" type="jump" coverage="0%" />
                <condition number="20" type="jump" coverage="0%" />
              </conditions>
            </line>
            <line number="29" hits="0" branch="False" />
            <line number="21" hits="0" branch="False" />
            <line number="22" hits="0" branch="False" />
            <line number="23" hits="0" branch="False" />
            <line number="24" hits="0" branch="False" />
          </lines>
        </class>
        <class name="BPCalculator.Pages.BloodPressureModel" filename="Pages/Index.cshtml.cs" line-rate="0" branch-rate="0" complexity="4">
          <methods>
            <method name="get_BP" signature="()" line-rate="0" branch-rate="1" complexity="1">
              <lines>
                <line number="11" hits="0" branch="False" />
              </lines>
            </method>
            <method name="OnGet" signature="()" line-rate="0" branch-rate="1" complexity="1">
              <lines>
                <line number="15" hits="0" branch="False" />
                <line number="16" hits="0" branch="False" />
                <line number="17" hits="0" branch="False" />
              </lines>
            </method>
            <method name="OnPost" signature="()" line-rate="0" branch-rate="0" complexity="2">
              <lines>
                <line number="21" hits="0" branch="False" />
                <line number="23" hits="0" branch="True" condition-coverage="0% (0/2)">
                  <conditions>
                    <condition number="30" type="jump" coverage="0%" />
                  </conditions>
                </line>
                <line number="24" hits="0" branch="False" />
                <line number="25" hits="0" branch="False" />
                <line number="26" hits="0" branch="False" />
                <line number="27" hits="0" branch="False" />
                <line number="28" hits="0" branch="False" />
              </lines>
            </method>
          </methods>
          <lines>
            <line number="11" hits="0" branch="False" />
            <line number="15" hits="0" branch="False" />
            <line number="16" hits="0" branch="False" />
            <line number="17" hits="0" branch="False" />
            <line number="21" hits="0" branch="False" />
            <line number="23" hits="0" branch="True" condition-coverage="0% (0/2)">
              <conditions>
                <condition number="30" type="jump" coverage="0%" />
              </conditions>
            </line>
            <line number="24" hits="0" branch="False" />
            <line number="25" hits="0" branch="False" />
            <line number="26" hits="0" branch="False" />
            <line number="27" hits="0" branch="False" />
            <line number="28" hits="0" branch="False" />
          </lines>
        </class>
        <class name="BPCalculator.Pages.PrivacyModel" filename="Pages/Privacy.cshtml.cs" line-rate="0" branch-rate="1" complexity="2">
          <methods>
            <method name="OnGet" signature="()" line-rate="0" branch-rate="1" complexity="1">
              <lines>
                <line number="21" hits="0" branch="False" />
                <line number="22" hits="0" branch="False" />
              </lines>
            </method>
            <method name=".ctor" signature="(Microsoft.Extensions.Logging.ILogger`1&lt;BPCalculator.Pages.PrivacyModel&gt;)" line-rate="0" branch-rate="1" complexity="1">
              <lines>
                <line number="15" hits="0" branch="False" />
                <line number="16" hits="0" branch="False" />
                <line number="17" hits="0" branch="False" />
                <line number="18" hits="0" branch="False" />
              </lines>
            </method>
          </methods>
          <lines>
            <line number="21" hits="0" branch="False" />
            <line number="22" hits="0" branch="False" />
            <line number="15" hits="0" branch="False" />
            <line number="16" hits="0" branch="False" />
            <line number="17" hits="0" branch="False" />
            <line number="18" hits="0" branch="False" />
          </lines>
        </class>
        <class name="BPCalculator.Pages.Pages_Error/&lt;ExecuteAsync&gt;d__0" filename="Pages/Error.cshtml" line-rate="0" branch-rate="0" complexity="2">
          <methods>
            <method name="MoveNext" signature="()" line-rate="0" branch-rate="0" complexity="2">
              <lines>
                <line number="4" hits="0" branch="False" />
                <line number="10" hits="0" branch="True" condition-coverage="0% (0/2)">
                  <conditions>
                    <condition number="70" type="jump" coverage="0%" />
                  </conditions>
                </line>
                <line number="11" hits="0" branch="False" />
                <line number="13" hits="0" branch="False" />
                <line number="15" hits="0" branch="False" />
              </lines>
            </method>
          </methods>
          <lines>
            <line number="4" hits="0" branch="False" />
            <line number="10" hits="0" branch="True" condition-coverage="0% (0/2)">
              <conditions>
                <condition number="70" type="jump" coverage="0%" />
              </conditions>
            </line>
            <line number="11" hits="0" branch="False" />
            <line number="13" hits="0" branch="False" />
            <line number="15" hits="0" branch="False" />
          </lines>
        </class>
        <class name="BPCalculator.Pages.Pages_Index/&lt;&lt;ExecuteAsync&gt;b__17_0&gt;d" filename="Pages/Index.cshtml" line-rate="0" branch-rate="0" complexity="16">
          <methods>
            <method name="MoveNext" signature="()" line-rate="0" branch-rate="0" complexity="16">
              <lines>
                <line number="14" hits="0" branch="True" condition-coverage="0% (0/2)">
                  <conditions>
                    <condition number="505" type="jump" coverage="0%" />
                  </conditions>
                </line>
                <line number="16" hits="0" branch="True" condition-coverage="0% (0/2)">
                  <conditions>
                    <condition number="1142" type="jump" coverage="0%" />
                  </conditions>
                </line>
                <line number="17" hits="0" branch="True" condition-coverage="0% (0/2)">
                  <conditions>
                    <condition number="1779" type="jump" coverage="0%" />
                  </conditions>
                </line>
                <line number="18" hits="0" branch="True" condition-coverage="0% (0/2)">
                  <conditions>
                    <condition number="2416" type="jump" coverage="0%" />
                  </conditions>
                </line>
                <line number="21" hits="0" branch="True" condition-coverage="0% (0/2)">
                  <conditions>
                    <condition number="3053" type="jump" coverage="0%" />
                  </conditions>
                </line>
                <line number="22" hits="0" branch="True" condition-coverage="0% (0/2)">
                  <conditions>
                    <condition number="3692" type="jump" coverage="0%" />
                  </conditions>
                </line>
                <line number="23" hits="0" branch="True" condition-coverage="0% (0/2)">
                  <conditions>
                    <condition number="4331" type="jump" coverage="0%" />
                  </conditions>
                </line>
                <line number="28" hits="0" branch="True" condition-coverage="0% (0/2)">
                  <conditions>
                    <condition number="4542" type="jump" coverage="0%" />
                  </conditions>
                </line>
                <line number="29" hits="0" branch="False" />
                <line number="31" hits="0" branch="False" />
                <line number="33" hits="0" branch="False" />
              </lines>
            </method>
          </methods>
          <lines>
            <line number="14" hits="0" branch="True" condition-coverage="0% (0/2)">
              <conditions>
                <condition number="505" type="jump" coverage="0%" />
              </conditions>
            </line>
            <line number="16" hits="0" branch="True" condition-coverage="0% (0/2)">
              <conditions>
                <condition number="1142" type="jump" coverage="0%" />
              </conditions>
            </line>
            <line number="17" hits="0" branch="True" condition-coverage="0% (0/2)">
              <conditions>
                <condition number="1779" type="jump" coverage="0%" />
              </conditions>
            </line>
            <line number="18" hits="0" branch="True" condition-coverage="0% (0/2)">
              <conditions>
                <condition number="2416" type="jump" coverage="0%" />
              </conditions>
            </line>
            <line number="21" hits="0" branch="True" condition-coverage="0% (0/2)">
              <conditions>
                <condition number="3053" type="jump" coverage="0%" />
              </conditions>
            </line>
            <line number="22" hits="0" branch="True" condition-coverage="0% (0/2)">
              <conditions>
                <condition number="3692" type="jump" coverage="0%" />
              </conditions>
            </line>
            <line number="23" hits="0" branch="True" condition-coverage="0% (0/2)">
              <conditions>
                <condition number="4331" type="jump" coverage="0%" />
              </conditions>
            </line>
            <line number="28" hits="0" branch="True" condition-coverage="0% (0/2)">
              <conditions>
                <condition number="4542" type="jump" coverage="0%" />
              </conditions>
            </line>
            <line number="29" hits="0" branch="False" />
            <line number="31" hits="0" branch="False" />
            <line number="33" hits="0" branch="False" />
          </lines>
        </class>
        <class name="BPCalculator.Pages.Pages_Index/&lt;&lt;ExecuteAsync&gt;b__17_1&gt;d" filename="Pages/Index.cshtml" line-rate="0" branch-rate="1" complexity="1">
          <methods>
            <method name="MoveNext" signature="()" line-rate="0" branch-rate="1" complexity="1">
              <lines>
                <line number="39" hits="0" branch="False" />
              </lines>
            </method>
          </methods>
          <lines>
            <line number="39" hits="0" branch="False" />
          </lines>
        </class>
        <class name="BPCalculator.Pages.Pages_Index/&lt;ExecuteAsync&gt;d__17" filename="Pages/Index.cshtml" line-rate="0" branch-rate="0" complexity="2">
          <methods>
            <method name="MoveNext" signature="()" line-rate="0" branch-rate="0" complexity="2">
              <lines>
                <line number="5" hits="0" branch="True" condition-coverage="0% (0/2)">
                  <conditions>
                    <condition number="464" type="jump" coverage="0%" />
                  </conditions>
                </line>
              </lines>
            </method>
          </methods>
          <lines>
            <line number="5" hits="0" branch="True" condition-coverage="0% (0/2)">
              <conditions>
                <condition number="464" type="jump" coverage="0%" />
              </conditions>
            </line>
          </lines>
        </class>
        <class name="BPCalculator.Pages.Pages_Privacy/&lt;ExecuteAsync&gt;d__0" filename="Pages/Privacy.cshtml" line-rate="0" branch-rate="1" complexity="1">
          <methods>
            <method name="MoveNext" signature="()" line-rate="0" branch-rate="1" complexity="1">
              <lines>
                <line number="4" hits="0" branch="False" />
                <line number="6" hits="0" branch="False" />
              </lines>
            </method>
          </methods>
          <lines>
            <line number="4" hits="0" branch="False" />
            <line number="6" hits="0" branch="False" />
          </lines>
        </class>
        <class name="BPCalculator.Pages.Pages__ViewStart/&lt;ExecuteAsync&gt;d__0" filename="Pages/_ViewStart.cshtml" line-rate="0" branch-rate="1" complexity="1">
          <methods>
            <method name="MoveNext" signature="()" line-rate="0" branch-rate="1" complexity="1">
              <lines>
                <line number="2" hits="0" branch="False" />
              </lines>
            </method>
          </methods>
          <lines>
            <line number="2" hits="0" branch="False" />
          </lines>
        </class>
        <class name="BPCalculator.Pages.Shared.Pages_Shared__Layout/&lt;&lt;ExecuteAsync&gt;b__22_0&gt;d" filename="Pages/Shared/_Layout.cshtml" line-rate="0" branch-rate="0" complexity="4">
          <methods>
            <method name="MoveNext" signature="()" line-rate="0" branch-rate="0" complexity="4">
              <lines>
                <line number="6" hits="0" branch="True" condition-coverage="0% (0/4)">
                  <conditions>
                    <condition number="425" type="jump" coverage="0%" />
                    <condition number="921" type="jump" coverage="0%" />
                  </conditions>
                </line>
              </lines>
            </method>
          </methods>
          <lines>
            <line number="6" hits="0" branch="True" condition-coverage="0% (0/4)">
              <conditions>
                <condition number="425" type="jump" coverage="0%" />
                <condition number="921" type="jump" coverage="0%" />
              </conditions>
            </line>
          </lines>
        </class>
        <class name="BPCalculator.Pages.Shared.Pages_Shared__Layout/&lt;&lt;ExecuteAsync&gt;b__22_1&gt;d" filename="Pages/Shared/_Layout.cshtml" line-rate="0" branch-rate="0" complexity="14">
          <methods>
            <method name="MoveNext" signature="()" line-rate="0" branch-rate="0" complexity="14">
              <lines>
                <line number="34" hits="0" branch="True" condition-coverage="0% (0/12)">
                  <conditions>
                    <condition number="537" type="jump" coverage="0%" />
                    <condition number="1105" type="jump" coverage="0%" />
                    <condition number="1673" type="jump" coverage="0%" />
                    <condition number="2259" type="jump" coverage="0%" />
                    <condition number="2733" type="jump" coverage="0%" />
                    <condition number="3209" type="jump" coverage="0%" />
                  </conditions>
                </line>
                <line number="46" hits="0" branch="True" condition-coverage="0% (0/2)">
                  <conditions>
                    <condition number="3834" type="jump" coverage="0%" />
                  </conditions>
                </line>
                <line number="48" hits="0" branch="False" />
              </lines>
            </method>
          </methods>
          <lines>
            <line number="34" hits="0" branch="True" condition-coverage="0% (0/12)">
              <conditions>
                <condition number="537" type="jump" coverage="0%" />
                <condition number="1105" type="jump" coverage="0%" />
                <condition number="1673" type="jump" coverage="0%" />
                <condition number="2259" type="jump" coverage="0%" />
                <condition number="2733" type="jump" coverage="0%" />
                <condition number="3209" type="jump" coverage="0%" />
              </conditions>
            </line>
            <line number="46" hits="0" branch="True" condition-coverage="0% (0/2)">
              <conditions>
                <condition number="3834" type="jump" coverage="0%" />
              </conditions>
            </line>
            <line number="48" hits="0" branch="False" />
          </lines>
        </class>
      </classes>
    </package>
  </packages>
</coverage>